# JRE version: OpenJDK Runtime Environment (17.0.7) (build 17.0.7+0-b2043.56-10550314)
# Java VM: OpenJDK 64-Bit Server VM (17.0.7+0-b2043.56-10550314, mixed mode, tiered, compressed oops, compressed class ptrs, g1 gc, windows-amd64)
GC Precious Log:
 CPUs: 8 total, 8 available
 Memory: 7834M
 Large Page Support: Disabled
 NUMA Support: Disabled
 Compressed Oops: Enabled (32-bit)
 Heap Region Size: 1M
 Heap Min Capacity: 8M
 Heap Initial Capacity: 124M
 Heap Max Capacity: 2G
 Pre-touch: Disabled
 Parallel Workers: 8
 Concurrent Workers: 2
 Concurrent Refinement Workers: 8
 Periodic GC: Disabled
Heap:
 garbage-first heap   total 164864K, used 104028K [0x0000000080000000, 0x0000000100000000)
  region size 1024K, 22 young (22528K), 6 survivors (6144K)
 Metaspace       used 58417K, committed 59072K, reserved 1114112K
  class space    used 7917K, committed 8192K, reserved 1048576K
GC Heap History (20 events):
Event: 3.699 GC heap before
{Heap before GC invocations=12 (full 0):
 garbage-first heap   total 96256K, used 76297K [0x0000000080000000, 0x0000000100000000)
  region size 1024K, 23 young (23552K), 1 survivors (1024K)
 Metaspace       used 42771K, committed 43136K, reserved 1114112K
  class space    used 5734K, committed 5888K, reserved 1048576K
}
Event: 3.701 GC heap after
{Heap after GC invocations=13 (full 0):
 garbage-first heap   total 96256K, used 55561K [0x0000000080000000, 0x0000000100000000)
  region size 1024K, 3 young (3072K), 3 survivors (3072K)
 Metaspace       used 42771K, committed 43136K, reserved 1114112K
  class space    used 5734K, committed 5888K, reserved 1048576K
}
Event: 3.998 GC heap before
{Heap before GC invocations=14 (full 0):
 garbage-first heap   total 106496K, used 81161K [0x0000000080000000, 0x0000000100000000)
  region size 1024K, 24 young (24576K), 3 survivors (3072K)
 Metaspace       used 46022K, committed 46464K, reserved 1114112K
  class space    used 6118K, committed 6336K, reserved 1048576K
}
Event: 4.001 GC heap after
{Heap after GC invocations=15 (full 0):
 garbage-first heap   total 106496K, used 57068K [0x0000000080000000, 0x0000000100000000)
  region size 1024K, 2 young (2048K), 2 survivors (2048K)
 Metaspace       used 46022K, committed 46464K, reserved 1114112K
  class space    used 6118K, committed 6336K, reserved 1048576K
}
Event: 4.268 GC heap before
{Heap before GC invocations=15 (full 0):
 garbage-first heap   total 106496K, used 80620K [0x0000000080000000, 0x0000000100000000)
  region size 1024K, 26 young (26624K), 2 survivors (2048K)
 Metaspace       used 47932K, committed 48448K, reserved 1114112K
  class space    used 6402K, committed 6656K, reserved 1048576K
}
Event: 4.271 GC heap after
{Heap after GC invocations=16 (full 0):
 garbage-first heap   total 106496K, used 59476K [0x0000000080000000, 0x0000000100000000)
  region size 1024K, 4 young (4096K), 4 survivors (4096K)
 Metaspace       used 47932K, committed 48448K, reserved 1114112K
  class space    used 6402K, committed 6656K, reserved 1048576K
}
Event: 4.313 GC heap before
{Heap before GC invocations=17 (full 0):
 garbage-first heap   total 109568K, used 66644K [0x0000000080000000, 0x0000000100000000)
  region size 1024K, 9 young (9216K), 4 survivors (4096K)
 Metaspace       used 48257K, committed 48768K, reserved 1114112K
  class space    used 6427K, committed 6656K, reserved 1048576K
}
Event: 4.316 GC heap after
{Heap after GC invocations=18 (full 0):
 garbage-first heap   total 109568K, used 64183K [0x0000000080000000, 0x0000000100000000)
  region size 1024K, 2 young (2048K), 2 survivors (2048K)
 Metaspace       used 48257K, committed 48768K, reserved 1114112K
  class space    used 6427K, committed 6656K, reserved 1048576K
}
Event: 4.584 GC heap before
{Heap before GC invocations=19 (full 0):
 garbage-first heap   total 114688K, used 88759K [0x0000000080000000, 0x0000000100000000)
  region size 1024K, 24 young (24576K), 2 survivors (2048K)
 Metaspace       used 50722K, committed 51264K, reserved 1114112K
  class space    used 6686K, committed 6912K, reserved 1048576K
}
Event: 4.587 GC heap after
{Heap after GC invocations=20 (full 0):
 garbage-first heap   total 114688K, used 64820K [0x0000000080000000, 0x0000000100000000)
  region size 1024K, 3 young (3072K), 3 survivors (3072K)
 Metaspace       used 50722K, committed 51264K, reserved 1114112K
  class space    used 6686K, committed 6912K, reserved 1048576K
}
Event: 4.846 GC heap before
{Heap before GC invocations=20 (full 0):
 garbage-first heap   total 114688K, used 90420K [0x0000000080000000, 0x0000000100000000)
  region size 1024K, 28 young (28672K), 3 survivors (3072K)
 Metaspace       used 52681K, committed 53248K, reserved 1114112K
  class space    used 7056K, committed 7296K, reserved 1048576K
}
Event: 4.848 GC heap after
{Heap after GC invocations=21 (full 0):
 garbage-first heap   total 114688K, used 66125K [0x0000000080000000, 0x0000000100000000)
  region size 1024K, 3 young (3072K), 3 survivors (3072K)
 Metaspace       used 52681K, committed 53248K, reserved 1114112K
  class space    used 7056K, committed 7296K, reserved 1048576K
}
Event: 5.163 GC heap before
{Heap before GC invocations=22 (full 0):
 garbage-first heap   total 114688K, used 90701K [0x0000000080000000, 0x0000000100000000)
  region size 1024K, 28 young (28672K), 3 survivors (3072K)
 Metaspace       used 55245K, committed 55808K, reserved 1114112K
  class space    used 7508K, committed 7744K, reserved 1048576K
}
Event: 5.166 GC heap after
{Heap after GC invocations=23 (full 0):
 garbage-first heap   total 114688K, used 67697K [0x0000000080000000, 0x0000000100000000)
  region size 1024K, 3 young (3072K), 3 survivors (3072K)
 Metaspace       used 55245K, committed 55808K, reserved 1114112K
  class space    used 7508K, committed 7744K, reserved 1048576K
}
Event: 5.528 GC heap before
{Heap before GC invocations=23 (full 0):
 garbage-first heap   total 114688K, used 92273K [0x0000000080000000, 0x0000000100000000)
  region size 1024K, 28 young (28672K), 3 survivors (3072K)
 Metaspace       used 57233K, committed 57792K, reserved 1114112K
  class space    used 7775K, committed 8000K, reserved 1048576K
}
Event: 5.533 GC heap after
{Heap after GC invocations=24 (full 0):
 garbage-first heap   total 164864K, used 70277K [0x0000000080000000, 0x0000000100000000)
  region size 1024K, 4 young (4096K), 4 survivors (4096K)
 Metaspace       used 57233K, committed 57792K, reserved 1114112K
  class space    used 7775K, committed 8000K, reserved 1048576K
}
Event: 5.716 GC heap before
{Heap before GC invocations=25 (full 0):
 garbage-first heap   total 164864K, used 94853K [0x0000000080000000, 0x0000000100000000)
  region size 1024K, 23 young (23552K), 4 survivors (4096K)
 Metaspace       used 57564K, committed 58240K, reserved 1114112K
  class space    used 7805K, committed 8128K, reserved 1048576K
}
Event: 5.719 GC heap after
{Heap after GC invocations=26 (full 0):
 garbage-first heap   total 164864K, used 80517K [0x0000000080000000, 0x0000000100000000)
  region size 1024K, 7 young (7168K), 7 survivors (7168K)
 Metaspace       used 57564K, committed 58240K, reserved 1114112K
  class space    used 7805K, committed 8128K, reserved 1048576K
}
Event: 5.731 GC heap before
{Heap before GC invocations=26 (full 0):
 garbage-first heap   total 164864K, used 83589K [0x0000000080000000, 0x0000000100000000)
  region size 1024K, 10 young (10240K), 7 survivors (7168K)
 Metaspace       used 57571K, committed 58240K, reserved 1114112K
  class space    used 7805K, committed 8128K, reserved 1048576K
}
Event: 5.734 GC heap after
{Heap after GC invocations=27 (full 0):
 garbage-first heap   total 164864K, used 83548K [0x0000000080000000, 0x0000000100000000)
  region size 1024K, 6 young (6144K), 6 survivors (6144K)
 Metaspace       used 57571K, committed 58240K, reserved 1114112K
  class space    used 7805K, committed 8128K, reserved 1048576K
}

